0 info it worked if it ends with ok
1 verbose cli [ 'C:\\Program Files (x86)\\Nodist\\v-x64\\8.0.0\\node.exe',
1 verbose cli   'C:\\Program Files (x86)\\Nodist\\npmv\\4.0.5\\bin\\npm-cli.js',
1 verbose cli   'run',
1 verbose cli   'w' ]
2 info using npm@4.0.5
3 info using node@v8.0.0
4 verbose run-script [ 'prew', 'w', 'postw' ]
5 info lifecycle name_of_my_taskrunner@1.0.0~prew: name_of_my_taskrunner@1.0.0
6 silly lifecycle name_of_my_taskrunner@1.0.0~prew: no script for prew, continuing
7 info lifecycle name_of_my_taskrunner@1.0.0~w: name_of_my_taskrunner@1.0.0
8 verbose lifecycle name_of_my_taskrunner@1.0.0~w: unsafe-perm in lifecycle true
9 verbose lifecycle name_of_my_taskrunner@1.0.0~w: PATH: C:\Program Files (x86)\Nodist\npmv\4.0.5\bin\node-gyp-bin;C:\Users\HW003\Documents\practice\webpack_test\node_modules\.bin;C:\Program Files (x86)\Nodist\v-x64\8.0.0;C:\Users\HW003\bin;C:\Program Files\Git\mingw64\bin;C:\Program Files\Git\usr\local\bin;C:\Program Files\Git\usr\bin;C:\Program Files\Git\usr\bin;C:\Program Files\Git\mingw64\bin;C:\Program Files\Git\usr\bin;C:\Users\HW003\bin;C:\Program Files (x86)\Intel\iCLS Client;C:\Program Files\Intel\iCLS Client;C:\WINDOWS\system32;C:\WINDOWS;C:\WINDOWS\System32\Wbem;C:\WINDOWS\System32\WindowsPowerShell\v1.0;C:\Program Files (x86)\Intel\Intel(R) Management Engine Components\DAL;C:\Program Files\Intel\Intel(R) Management Engine Components\DAL;C:\Program Files (x86)\Intel\Intel(R) Management Engine Components\IPT;C:\Program Files\Intel\Intel(R) Management Engine Components\IPT;C:\Program Files (x86)\Nodist\bin;C:\Program Files\Git\cmd;C:\Users\HW003\AppData\Local\Microsoft\WindowsApps;C:\Program Files\Git\usr\bin\vendor_perl;C:\Program Files\Git\usr\bin\core_perl
10 verbose lifecycle name_of_my_taskrunner@1.0.0~w: CWD: C:\Users\HW003\Documents\practice\webpack_test
11 silly lifecycle name_of_my_taskrunner@1.0.0~w: Args: [ '/d /s /c', 'webpack -d' ]
12 silly lifecycle name_of_my_taskrunner@1.0.0~w: Returned: code: 1  signal: null
13 info lifecycle name_of_my_taskrunner@1.0.0~w: Failed to exec w script
14 verbose stack Error: name_of_my_taskrunner@1.0.0 w: `webpack -d`
14 verbose stack Exit status 1
14 verbose stack     at EventEmitter.<anonymous> (C:\Program Files (x86)\Nodist\npmv\4.0.5\lib\utils\lifecycle.js:279:16)
14 verbose stack     at emitTwo (events.js:125:13)
14 verbose stack     at EventEmitter.emit (events.js:213:7)
14 verbose stack     at ChildProcess.<anonymous> (C:\Program Files (x86)\Nodist\npmv\4.0.5\lib\utils\spawn.js:40:14)
14 verbose stack     at emitTwo (events.js:125:13)
14 verbose stack     at ChildProcess.emit (events.js:213:7)
14 verbose stack     at maybeClose (internal/child_process.js:887:16)
14 verbose stack     at Process.ChildProcess._handle.onexit (internal/child_process.js:208:5)
15 verbose pkgid name_of_my_taskrunner@1.0.0
16 verbose cwd C:\Users\HW003\Documents\practice\webpack_test
17 error Windows_NT 10.0.15063
18 error argv "C:\\Program Files (x86)\\Nodist\\v-x64\\8.0.0\\node.exe" "C:\\Program Files (x86)\\Nodist\\npmv\\4.0.5\\bin\\npm-cli.js" "run" "w"
19 error node v8.0.0
20 error npm  v4.0.5
21 error code ELIFECYCLE
22 error name_of_my_taskrunner@1.0.0 w: `webpack -d`
22 error Exit status 1
23 error Failed at the name_of_my_taskrunner@1.0.0 w script 'webpack -d'.
23 error Make sure you have the latest version of node.js and npm installed.
23 error If you do, this is most likely a problem with the name_of_my_taskrunner package,
23 error not with npm itself.
23 error Tell the author that this fails on your system:
23 error     webpack -d
23 error You can get information on how to open an issue for this project with:
23 error     npm bugs name_of_my_taskrunner
23 error Or if that isn't available, you can get their info via:
23 error     npm owner ls name_of_my_taskrunner
23 error There is likely additional logging output above.
24 verbose exit [ 1, true ]
