Arguments: 
  /Users/yukihiro/.nodebrew/node/v8.1.1/bin/node /Users/yukihiro/.nodebrew/current/bin/yarn add --dev style-loader css-loader

PATH: 
  /Users/yukihiro/.nodebrew/current/bin:/usr/local/bin:/usr/bin:/bin:/usr/sbin:/sbin:./node_modules/.bin

Yarn version: 
  1.1.0

Node version: 
  8.1.1

Platform: 
  darwin x64

npm manifest: 
  {
    "name": "webpack_test",
    "version": "1.0.0",
    "description": "",
    "main": "index.js",
    "scripts": {
      "test": "echo \"Error: no test specified\" && exit 1",
      "build": "webpack",
      "watch": "webpack --watch"
    },
    "keywords": [],
    "author": "",
    "license": "ISC",
    "dependencies": {
      "jquery": "^3.2.1",ª
      "lodash": "^4.17.4",ª
      "mustache": "^2.3.0"
    },
    "devDependencies": {
      "babel-core": "^6.26.0",
      "babel-loader": "^7.1.2",
      "babel-preset-es2015": "^6.24.1",
      "css-loader": "^0.28.7",
      "html-loader": "^0.5.1",
      "node-sass": "^4.5.3",
      "sass-loader": "^6.0.6",
      "style-loader": "^0.18.2",
      "webpack": "^3.6.0"
    }
  }

yarn manifest: 
  No manifest

Lockfile: 
  No lockfile

Trace: 
  SyntaxError: /Users/yukihiro/Projects/Works/webpack_test/package.json: Unexpected token ª in JSON at position 324
      at JSON.parse (<anonymous>)
      at /Users/yukihiro/.nodebrew/node/v8.1.1/lib/node_modules/yarn/lib/cli.js:764:59
      at Generator.next (<anonymous>)
      at step (/Users/yukihiro/.nodebrew/node/v8.1.1/lib/node_modules/yarn/lib/cli.js:92:30)
      at /Users/yukihiro/.nodebrew/node/v8.1.1/lib/node_modules/yarn/lib/cli.js:103:13
      at <anonymous>
